[main c9e1164] Auto-sync: 2026-03-13 19:30
 1 file changed, 0 insertions(+), 0 deletions(-)
 create mode 100644 sync.log
To https://github.com/Petrit23/second-brain.git
   15ee162..c9e1164  main -> main
[main e4c2efb] Auto-sync: 2026-03-13 20:00
 1 file changed, 5 insertions(+)
To https://github.com/Petrit23/second-brain.git
   c9e1164..e4c2efb  main -> main
[main 2015c2d] Auto-sync: 2026-03-13 20:30
 1 file changed, 4 insertions(+)
To https://github.com/Petrit23/second-brain.git
   e4c2efb..2015c2d  main -> main
[main 2e17735] Auto-sync: 2026-03-13 21:00
 1 file changed, 4 insertions(+)
To https://github.com/Petrit23/second-brain.git
   2015c2d..2e17735  main -> main
[main d856bfe] Auto-sync: 2026-03-13 21:30
 1 file changed, 4 insertions(+)
To https://github.com/Petrit23/second-brain.git
   2e17735..d856bfe  main -> main
[main 05bc8ad] Auto-sync: 2026-03-13 22:00
 1 file changed, 4 insertions(+)
To https://github.com/Petrit23/second-brain.git
   d856bfe..05bc8ad  main -> main
[main b1535f0] Auto-sync: 2026-03-13 22:30
 1 file changed, 4 insertions(+)
To https://github.com/Petrit23/second-brain.git
   05bc8ad..b1535f0  main -> main
[main 94f4274] Auto-sync: 2026-03-13 23:00
 1 file changed, 4 insertions(+)
To https://github.com/Petrit23/second-brain.git
   b1535f0..94f4274  main -> main
[main fa164df] Auto-sync: 2026-03-13 23:30
 1 file changed, 4 insertions(+)
To https://github.com/Petrit23/second-brain.git
   94f4274..fa164df  main -> main
[main d0c4265] Auto-sync: 2026-03-14 00:00
 1 file changed, 4 insertions(+)
To https://github.com/Petrit23/second-brain.git
   fa164df..d0c4265  main -> main
[main f885099] Auto-sync: 2026-03-14 00:30
 1 file changed, 4 insertions(+)
To https://github.com/Petrit23/second-brain.git
   d0c4265..f885099  main -> main
[main 9c0f2ef] Auto-sync: 2026-03-14 01:00
 1 file changed, 4 insertions(+)
To https://github.com/Petrit23/second-brain.git
   f885099..9c0f2ef  main -> main
